[2025-03-19T09:38:37.784Z] 404 Not Found: /api/auth/test
[2025-03-19T09:41:14.273Z] 404 Not Found: /api/
[2025-03-19T09:41:27.382Z] 404 Not Found: /api/auth
[2025-03-19T09:42:06.838Z] 404 Not Found: /api/chat/send
[2025-03-19T09:49:16.144Z] 404 Not Found: /api/auth
[2025-03-19T10:06:10.058Z] 404 Not Found: /api/users/generate-identifier
[2025-03-19T13:41:16.040Z] 404 Not Found: /api/auth/reset-password-request
[2025-03-21T08:22:04.651Z] Ошибка сервера: Expected ',' or '}' after property value in JSON at position 54 (line 3 column 28)
[2025-03-21T09:35:54.262Z] 404 Not Found: /api/chat/send
[2025-03-21T11:48:09.364Z] 404 Not Found: /validate-user
[2025-03-21T11:48:11.997Z] 404 Not Found: /validate-user
[2025-03-21T11:48:21.418Z] 404 Not Found: /validate-user
[2025-03-21T11:48:22.000Z] 404 Not Found: /validate-user
[2025-03-21T11:48:22.180Z] 404 Not Found: /validate-user
[2025-03-21T11:48:22.376Z] 404 Not Found: /validate-user
[2025-03-21T11:52:46.131Z] 404 Not Found: /validate-user
[2025-03-21T11:55:47.193Z] 404 Not Found: /
[2025-03-21T11:57:40.874Z] 404 Not Found: /login
[2025-03-21T12:04:24.097Z] 404 Not Found: /validate-user
[2025-03-21T12:47:18.672Z] 404 Not Found: /register-user
[2025-03-21T12:47:39.248Z] 404 Not Found: /register-user
[2025-03-21T12:50:11.644Z] 404 Not Found: /register-user
[2025-03-21T13:33:10.584Z] 404 Not Found: /api/register
[2025-03-21T13:36:22.024Z] 404 Not Found: /register
[2025-03-21T15:35:36.057Z] 404 Not Found: /register-user
[2025-03-21T15:37:36.472Z] 404 Not Found: /users
[2025-03-21T15:39:06.332Z] 404 Not Found: /users
[2025-03-24T12:26:12.802Z] 404 Not Found: /api/auth/generate-identifier
[2025-03-24T12:26:12.798Z] 404 Not Found: /api/auth/generate-identifier
[2025-03-24T12:26:12.808Z] 404 Not Found: /api/auth/generate-identifier
[2025-03-24T12:26:12.810Z] 404 Not Found: /api/auth/generate-identifier
[2025-03-24T16:08:50.089Z] 404 Not Found: /api/users
[2025-03-24T16:09:30.368Z] 404 Not Found: /api/users
[2025-03-24T16:12:49.448Z] 404 Not Found: /receive-messages?receiverId=11
[2025-03-24T16:12:54.124Z] 404 Not Found: /receive-messages?receiverId=11
[2025-03-24T16:12:54.718Z] 404 Not Found: /receive-messages?receiverId=11
[2025-03-24T16:12:55.394Z] 404 Not Found: /receive-messages?receiverId=11
[2025-03-24T16:12:55.930Z] 404 Not Found: /receive-messages?receiverId=11
[2025-03-24T16:12:56.109Z] 404 Not Found: /receive-messages?receiverId=11
[2025-03-24T16:12:56.710Z] 404 Not Found: /receive-messages?receiverId=11
[2025-03-24T16:13:04.002Z] 404 Not Found: /receive-messages?receiverId=11
[2025-03-24T16:13:04.547Z] 404 Not Found: /receive-messages?receiverId=11
[2025-03-25T07:14:17.764Z] 404 Not Found: /api/messages/receive?receiverId=22
[2025-03-25T07:14:17.766Z] 404 Not Found: /api/messages/receive?receiverId=22
[2025-03-25T07:14:21.695Z] 404 Not Found: /api/messages/receive?receiverId=22
[2025-03-25T07:14:22.252Z] 404 Not Found: /api/messages/receive?receiverId=22
[2025-03-25T07:14:22.656Z] 404 Not Found: /api/messages/receive?receiverId=22
[2025-03-25T07:14:32.489Z] 404 Not Found: /api/messages/receive?receiverId=22
[2025-03-25T07:14:32.491Z] 404 Not Found: /api/messages/receive?receiverId=22
[2025-03-25T07:14:36.027Z] 404 Not Found: /api/messages/receive?receiverId=22
[2025-03-25T07:14:36.030Z] 404 Not Found: /api/messages/receive?receiverId=22
[2025-03-25T07:15:02.715Z] 404 Not Found: /api/auth/check-user?userId=11
[2025-03-25T07:15:04.012Z] 404 Not Found: /api/auth/check-user?userId=11
[2025-03-25T07:15:04.704Z] 404 Not Found: /api/auth/check-user?userId=11
[2025-03-25T07:15:04.903Z] 404 Not Found: /api/auth/check-user?userId=11
[2025-03-25T07:15:05.089Z] 404 Not Found: /api/auth/check-user?userId=11
[2025-03-25T07:15:29.389Z] 404 Not Found: /api/messages/receive?receiverId=22
[2025-03-25T07:15:29.390Z] 404 Not Found: /api/messages/receive?receiverId=22
[2025-03-25T07:15:44.639Z] 404 Not Found: /api/messages/receive?receiverId=22
[2025-03-25T07:15:44.640Z] 404 Not Found: /api/messages/receive?receiverId=22
[2025-03-25T07:16:27.462Z] 404 Not Found: /api/messages/receive?receiverId=22
[2025-03-25T07:22:35.690Z] 404 Not Found: /api/messages/receive?receiverId=22
[2025-03-25T07:22:35.691Z] 404 Not Found: /api/messages/receive?receiverId=22
[2025-03-25T07:22:51.682Z] 404 Not Found: /api/messages/receive?receiverId=22
[2025-03-25T07:25:28.300Z] 404 Not Found: /api/messages/receive?receiverId=22
[2025-03-25T07:25:28.606Z] 404 Not Found: /api/messages/receive?receiverId=22
