[2025-04-09T12:36:27.487Z][IP: ::1][File: index.js] EVENT: chatClearedAck_received - {"from":"D8E74B82","contactId":"76B202AC","ip":"::1"}
[2025-04-09T12:36:58.297Z][IP: ::1][File: index.js] EVENT: chatClearedAck_received - {"from":"D8E74B82","contactId":"76B202AC","ip":"::1"}
[2025-04-09T12:37:19.883Z][IP: ::1][File: index.js] EVENT: chatClearedAck_received - {"from":"D8E74B82","contactId":"76B202AC","ip":"::1"}
[2025-04-09T12:41:18.896Z][IP: ::1][File: index.js] EVENT: chatClearedAck_received - {"from":"D8E74B82","contactId":"76B202AC","ip":"::1"}
[2025-04-09T12:41:28.047Z][IP: ::1][File: index.js] EVENT: chatClearedAck_received - {"from":"D8E74B82","contactId":"76B202AC","ip":"::1"}
[2025-04-09T12:43:02.199Z][IP: ::1][File: index.js] EVENT: chatClearedAck_received - {"from":"D8E74B82","contactId":"76B202AC","ip":"::1"}
[2025-04-09T12:43:57.897Z][IP: ::1][File: index.js] EVENT: chatClearedAck_received - {"from":"D8E74B82","contactId":"76B202AC","ip":"::1"}
[2025-04-09T12:45:12.490Z][IP: ::1][File: index.js] EVENT: chatClearedAck_received - {"from":"76B202AC","contactId":"76B202AC","ip":"::1"}
[2025-04-09T12:45:49.856Z][IP: ::1][File: index.js] EVENT: chatClearedAck_received - {"from":"76B202AC","contactId":"76B202AC","ip":"::1"}
[2025-04-09T12:56:36.355Z][IP: ::1][File: index.js] EVENT: chatClearedAck_received - {"from":"76B202AC","contactId":"76B202AC","ip":"::1"}
[2025-04-09T12:56:36.363Z][IP: ::1][File: index.js] EVENT: chatClearedAck_received - {"from":"76B202AC","contactId":"76B202AC","ip":"::1"}
[2025-04-09T12:57:37.636Z][IP: ::1][File: index.js] EVENT: chatClearedAck_received - {"from":"76B202AC","contactId":"76B202AC","ip":"::1"}
[2025-04-09T12:57:37.641Z][IP: ::1][File: index.js] EVENT: chatClearedAck_received - {"from":"76B202AC","contactId":"76B202AC","ip":"::1"}
[2025-04-09T12:57:37.643Z][IP: ::1][File: index.js] EVENT: chatClearedAck_received - {"from":"76B202AC","contactId":"76B202AC","ip":"::1"}
[2025-04-09T12:57:43.157Z][IP: ::1][File: index.js] EVENT: chatClearedAck_received - {"from":"76B202AC","contactId":"76B202AC","ip":"::1"}
[2025-04-09T12:57:43.165Z][IP: ::1][File: index.js] EVENT: chatClearedAck_received - {"from":"76B202AC","contactId":"76B202AC","ip":"::1"}
[2025-04-09T12:57:58.158Z][IP: ::1][File: index.js] EVENT: chatClearedAck_received - {"from":"76B202AC","contactId":"76B202AC","ip":"::1"}
[2025-04-09T12:57:58.168Z][IP: ::1][File: index.js] EVENT: chatClearedAck_received - {"from":"76B202AC","contactId":"76B202AC","ip":"::1"}
[2025-04-09T13:00:45.603Z][IP: ::1][File: index.js] EVENT: chatClearedAck_received - {"from":"76B202AC","contactId":"76B202AC","ip":"::1"}
[2025-04-09T13:00:45.609Z][IP: ::1][File: index.js] EVENT: chatClearedAck_received - {"from":"76B202AC","contactId":"76B202AC","ip":"::1"}
[2025-04-09T13:01:14.588Z][IP: ::1][File: index.js] EVENT: chatClearedAck_received - {"from":"76B202AC","contactId":"76B202AC","ip":"::1"}
[2025-04-09T13:01:14.592Z][IP: ::1][File: index.js] EVENT: chatClearedAck_received - {"from":"76B202AC","contactId":"76B202AC","ip":"::1"}
[2025-04-09T13:02:19.634Z][IP: ::1][File: index.js] EVENT: chatClearedAck_received - {"from":"76B202AC","contactId":"76B202AC","ip":"::1"}
[2025-04-09T13:02:19.642Z][IP: ::1][File: index.js] EVENT: chatClearedAck_received - {"from":"76B202AC","contactId":"76B202AC","ip":"::1"}
[2025-04-10T08:14:30.419Z][IP: unknown][File: index.js] EVENT: messageRead - {"messageId":"8196fb51-76f9-4439-b569-fe6b35bc8b87"}
[2025-04-10T08:14:31.488Z][IP: unknown][File: index.js] EVENT: messageRead - {"messageId":"907f6780-f36a-474c-875c-a20e2b5fd523"}
[2025-04-10T08:14:33.256Z][IP: unknown][File: index.js] EVENT: messageRead - {"messageId":"e1b10f79-7606-4afe-af19-6947da08cd87"}
[2025-04-10T08:22:33.286Z][IP: unknown][File: index.js] EVENT: messageRead - {"messageId":"9b497ceb-8794-42d3-8d82-f6cb4df27108"}
[2025-04-10T08:31:18.202Z][IP: unknown][File: index.js] EVENT: messageRead - {"messageId":"cd53c3dc-b28b-473a-ac6d-aa1ad8139620"}
[2025-04-10T08:43:08.962Z][IP: unknown][File: index.js] EVENT: messageRead - {"messageId":"e022aafe-7a91-426f-b7ce-5dfe7c3d2fe6"}
[2025-04-10T08:45:55.229Z][IP: unknown][File: index.js] EVENT: messageRead - {"messageId":"7f2101bb-148b-40e5-a78a-2fdaeb264007"}
[2025-04-10T08:46:26.950Z][IP: unknown][File: index.js] EVENT: messageRead - {"messageId":"bb8d7d04-b5d2-4fc6-9d30-765d8d79f114"}
[2025-04-10T08:50:05.039Z][IP: unknown][File: index.js] EVENT: messageRead - {"messageId":"4e9b16e0-dff7-4025-914e-c098a0331256"}
[2025-04-10T08:52:46.085Z][IP: unknown][File: index.js] EVENT: messageRead - {"messageId":"7e46f612-9e54-4ee9-9d91-8f7c6a9f0658"}
[2025-04-10T09:00:03.694Z][IP: unknown][File: index.js] EVENT: messageRead - {"messageId":"6704734e-cab6-4824-8d5c-8e1fbf88737c"}
[2025-04-10T09:00:08.443Z][IP: unknown][File: index.js] EVENT: messageRead - {"messageId":"f54bd50d-20d7-4718-85f0-0e4f7e9abe33"}
[2025-04-10T09:00:11.022Z][IP: unknown][File: index.js] EVENT: messageRead - {"messageId":"ebff8387-79e6-4445-bbad-19da9e499e11"}
[2025-04-10T09:01:04.571Z][IP: unknown][File: index.js] EVENT: messageRead - {"messageId":"eb9ee4d7-3103-481c-9b5e-24b25eb2f022"}
[2025-04-10T09:05:45.809Z][IP: unknown][File: index.js] EVENT: messageRead - {"messageId":"bd384d96-b960-4e79-a370-f1c8fb895459"}
[2025-04-10T09:05:50.130Z][IP: unknown][File: index.js] EVENT: messageRead - {"messageId":"91f09fb5-b787-493c-9923-efc654fa9d8e"}
[2025-04-10T09:05:51.721Z][IP: unknown][File: index.js] EVENT: messageRead - {"messageId":"cd334c6d-e57c-4d7d-a45d-d52a16901cd5"}
[2025-04-10T09:05:59.647Z][IP: unknown][File: index.js] EVENT: messageRead - {"messageId":"882aa8d1-64e5-45db-ae86-70deb6762b43"}
[2025-04-10T11:41:49.557Z][IP: unknown][File: index.js] EVENT: messageReceived - {"messageId":"13d43bd9-868e-4626-a9fd-825b1acec00a","senderId":"CB7CDD5D","receiverId":"D8E74B82","api":"http://localhost:5001/api/message/receive"}
[2025-04-10T11:41:49.558Z][IP: unknown][File: index.js] EVENT: messageRead - {"messageId":"13d43bd9-868e-4626-a9fd-825b1acec00a"}
[2025-04-10T11:57:24.866Z][IP: unknown][File: index.js] EVENT: messageReceived - {"messageId":"3226b719-bef3-47ff-a48c-5a32e52613dc","senderId":"CB7CDD5D","receiverId":"D8E74B82","api":"http://localhost:5001/api/message/receive"}
[2025-04-10T11:57:24.867Z][IP: unknown][File: index.js] EVENT: messageRead - {"messageId":"3226b719-bef3-47ff-a48c-5a32e52613dc"}
[2025-04-10T11:57:27.295Z][IP: unknown][File: index.js] EVENT: messageReceived - {"messageId":"8193d507-0f8d-46ef-91e9-b0bb694296d1","senderId":"CB7CDD5D","receiverId":"D8E74B82","api":"http://localhost:5001/api/message/receive"}
[2025-04-10T11:57:27.295Z][IP: unknown][File: index.js] EVENT: messageRead - {"messageId":"8193d507-0f8d-46ef-91e9-b0bb694296d1"}
[2025-04-10T11:57:28.001Z][IP: unknown][File: index.js] EVENT: messageReceived - {"messageId":"d4cd57a5-d17f-40c5-816a-50441c150e26","senderId":"CB7CDD5D","receiverId":"D8E74B82","api":"http://localhost:5001/api/message/receive"}
[2025-04-10T11:57:28.001Z][IP: unknown][File: index.js] EVENT: messageRead - {"messageId":"d4cd57a5-d17f-40c5-816a-50441c150e26"}
[2025-04-11T06:30:24.712Z][IP: unknown][File: index.js] EVENT: messageReceived - {"messageId":"cc9963d6-bde0-4e41-9071-02c13a90fe47","senderId":"D8E74B82","receiverId":"521AAB31","api":"http://localhost:5001/api/message/receive"}
[2025-04-11T06:30:24.713Z][IP: unknown][File: index.js] EVENT: messageRead - {"messageId":"cc9963d6-bde0-4e41-9071-02c13a90fe47"}
